ERROR 2026-01-27 22:31:28,536 log Internal Server Error: /api/ingestion/csv
Traceback (most recent call last):
  File "D:\Django\content-platform\.venv\Lib\site-packages\django\core\handlers\exception.py", line 55, in inner
    response = get_response(request)
  File "D:\Django\content-platform\.venv\Lib\site-packages\django\utils\deprecation.py", line 311, in __call__
    response = self.process_response(request, response)
  File "D:\Django\content-platform\.venv\Lib\site-packages\django\middleware\common.py", line 109, in process_response
    self.get_full_path_with_slash(request)
    ~~~~~~~~~~~~~~~~~~~~~~~~~~~~~^^^^^^^^^
  File "D:\Django\content-platform\.venv\Lib\site-packages\django\middleware\common.py", line 87, in get_full_path_with_slash
    raise RuntimeError(
    ...<9 lines>...
    )
RuntimeError: You called this URL via POST, but the URL doesn't end in a slash and you have APPEND_SLASH set. Django can't redirect to the slash URL while maintaining POST data. Change your form to point to 127.0.0.1:8000/api/ingestion/csv/ (note the trailing slash), or set APPEND_SLASH=False in your Django settings.
ERROR 2026-01-27 22:31:28,549 log "POST /api/ingestion/csv HTTP/1.1" 500 77370
ERROR 2026-01-27 22:31:28,665 log Internal Server Error: /api/ingestion/csv
Traceback (most recent call last):
  File "D:\Django\content-platform\.venv\Lib\site-packages\django\core\handlers\exception.py", line 55, in inner
    response = get_response(request)
  File "D:\Django\content-platform\.venv\Lib\site-packages\django\utils\deprecation.py", line 311, in __call__
    response = self.process_response(request, response)
  File "D:\Django\content-platform\.venv\Lib\site-packages\django\middleware\common.py", line 109, in process_response
    self.get_full_path_with_slash(request)
    ~~~~~~~~~~~~~~~~~~~~~~~~~~~~~^^^^^^^^^
  File "D:\Django\content-platform\.venv\Lib\site-packages\django\middleware\common.py", line 87, in get_full_path_with_slash
    raise RuntimeError(
    ...<9 lines>...
    )
RuntimeError: You called this URL via POST, but the URL doesn't end in a slash and you have APPEND_SLASH set. Django can't redirect to the slash URL while maintaining POST data. Change your form to point to 127.0.0.1:8000/api/ingestion/csv/ (note the trailing slash), or set APPEND_SLASH=False in your Django settings.
ERROR 2026-01-27 22:31:28,667 log "POST /api/ingestion/csv HTTP/1.1" 500 77370
ERROR 2026-01-27 22:37:36,280 log Internal Server Error: /api/ingestion/csv
Traceback (most recent call last):
  File "D:\Django\content-platform\.venv\Lib\site-packages\django\core\handlers\exception.py", line 55, in inner
    response = get_response(request)
  File "D:\Django\content-platform\.venv\Lib\site-packages\django\utils\deprecation.py", line 311, in __call__
    response = self.process_response(request, response)
  File "D:\Django\content-platform\.venv\Lib\site-packages\django\middleware\common.py", line 109, in process_response
    self.get_full_path_with_slash(request)
    ~~~~~~~~~~~~~~~~~~~~~~~~~~~~~^^^^^^^^^
  File "D:\Django\content-platform\.venv\Lib\site-packages\django\middleware\common.py", line 87, in get_full_path_with_slash
    raise RuntimeError(
    ...<9 lines>...
    )
RuntimeError: You called this URL via POST, but the URL doesn't end in a slash and you have APPEND_SLASH set. Django can't redirect to the slash URL while maintaining POST data. Change your form to point to 127.0.0.1:8000/api/ingestion/csv/ (note the trailing slash), or set APPEND_SLASH=False in your Django settings.
ERROR 2026-01-27 22:37:36,282 log "POST /api/ingestion/csv HTTP/1.1" 500 78119
